2019-07-08 09:11:17.105  INFO 12704 --- [main] c.c.e.c.CjsCommodityServiceApplication   : No active profile set, falling back to default profiles: default
2019-07-08 09:11:17.414  WARN 12704 --- [main] o.m.s.mapper.ClassPathMapperScanner      : No MyBatis mapper was found in '[com.cjs.example.commodity]' package. Please check your configuration.
2019-07-08 09:11:17.439  INFO 12704 --- [main] .s.d.r.c.RepositoryConfigurationDelegate : Multiple Spring Data modules found, entering strict repository configuration mode!
2019-07-08 09:11:17.440  INFO 12704 --- [main] .s.d.r.c.RepositoryConfigurationDelegate : Bootstrapping Spring Data repositories in DEFAULT mode.
2019-07-08 09:11:17.447  INFO 12704 --- [main] .s.d.r.c.RepositoryConfigurationDelegate : Finished Spring Data repository scanning in 4ms. Found 0 repository interfaces.
2019-07-08 09:11:17.459  INFO 12704 --- [main] .s.d.r.c.RepositoryConfigurationDelegate : Multiple Spring Data modules found, entering strict repository configuration mode!
2019-07-08 09:11:17.459  INFO 12704 --- [main] .s.d.r.c.RepositoryConfigurationDelegate : Bootstrapping Spring Data repositories in DEFAULT mode.
2019-07-08 09:11:17.461  INFO 12704 --- [main] .s.d.r.c.RepositoryConfigurationDelegate : Finished Spring Data repository scanning in 2ms. Found 0 repository interfaces.
2019-07-08 09:11:17.469  INFO 12704 --- [main] .s.d.r.c.RepositoryConfigurationDelegate : Multiple Spring Data modules found, entering strict repository configuration mode!
2019-07-08 09:11:17.470  INFO 12704 --- [main] .s.d.r.c.RepositoryConfigurationDelegate : Bootstrapping Spring Data repositories in DEFAULT mode.
2019-07-08 09:11:17.476  INFO 12704 --- [main] .s.d.r.c.RepositoryConfigurationDelegate : Finished Spring Data repository scanning in 1ms. Found 0 repository interfaces.
2019-07-08 09:11:17.688  INFO 12704 --- [main] o.s.cloud.context.scope.GenericScope     : BeanFactory id=d273d420-1643-3f95-b0f7-d740c53e7ab0
2019-07-08 09:11:17.757  INFO 12704 --- [main] trationDelegate$BeanPostProcessorChecker : Bean 'org.springframework.transaction.annotation.ProxyTransactionManagementConfiguration' of type [org.springframework.transaction.annotation.ProxyTransactionManagementConfiguration$$EnhancerBySpringCGLIB$$8911f6f4] is not eligible for getting processed by all BeanPostProcessors (for example: not eligible for auto-proxying)
2019-07-08 09:11:17.776  INFO 12704 --- [main] trationDelegate$BeanPostProcessorChecker : Bean 'org.springframework.cloud.autoconfigure.ConfigurationPropertiesRebinderAutoConfiguration' of type [org.springframework.cloud.autoconfigure.ConfigurationPropertiesRebinderAutoConfiguration$$EnhancerBySpringCGLIB$$a52bf9f1] is not eligible for getting processed by all BeanPostProcessors (for example: not eligible for auto-proxying)
2019-07-08 09:11:17.968  INFO 12704 --- [main] o.s.b.w.embedded.tomcat.TomcatWebServer  : Tomcat initialized with port(s): 8081 (http)
2019-07-08 09:11:17.987  INFO 12704 --- [main] o.apache.catalina.core.StandardService   : Starting service [Tomcat]
2019-07-08 09:11:17.987  INFO 12704 --- [main] org.apache.catalina.core.StandardEngine  : Starting Servlet engine: [Apache Tomcat/9.0.21]
2019-07-08 09:11:18.059  INFO 12704 --- [main] o.a.c.c.C.[.[localhost].[/commodity]     : Initializing Spring embedded WebApplicationContext
2019-07-08 09:11:18.059  INFO 12704 --- [main] o.s.web.context.ContextLoader            : Root WebApplicationContext: initialization completed in 946 ms
2019-07-08 09:11:18.121  WARN 12704 --- [main] c.n.c.sources.URLConfigurationSource     : No URLs will be polled as dynamic configuration sources.
2019-07-08 09:11:18.122  INFO 12704 --- [main] c.n.c.sources.URLConfigurationSource     : To enable URLs as dynamic configuration sources, define System property archaius.configurationSource.additionalUrls or make config.properties available on classpath.
2019-07-08 09:11:18.126  WARN 12704 --- [main] c.n.c.sources.URLConfigurationSource     : No URLs will be polled as dynamic configuration sources.
2019-07-08 09:11:18.126  INFO 12704 --- [main] c.n.c.sources.URLConfigurationSource     : To enable URLs as dynamic configuration sources, define System property archaius.configurationSource.additionalUrls or make config.properties available on classpath.
2019-07-08 09:11:18.417  INFO 12704 --- [main] o.s.s.concurrent.ThreadPoolTaskExecutor  : Initializing ExecutorService 'applicationTaskExecutor'
2019-07-08 09:11:18.973  INFO 12704 --- [main] org.mongodb.driver.cluster               : Cluster created with settings {hosts=[localhost:27017], mode=SINGLE, requiredClusterType=UNKNOWN, serverSelectionTimeout='30000 ms', maxWaitQueueSize=500}
2019-07-08 09:11:19.009  INFO 12704 --- [cluster-ClusterId{value='5d2298365bf4ca31a0cbf631', description='null'}-localhost:27017] org.mongodb.driver.cluster               : Exception in monitor thread while connecting to server localhost:27017

com.mongodb.MongoSocketOpenException: Exception opening socket
	at com.mongodb.internal.connection.SocketStream.open(SocketStream.java:67)
	at com.mongodb.internal.connection.InternalStreamConnection.open(InternalStreamConnection.java:126)
	at com.mongodb.internal.connection.DefaultServerMonitor$ServerMonitorRunnable.run(DefaultServerMonitor.java:117)
	at java.base/java.lang.Thread.run(Thread.java:835)
Caused by: java.net.ConnectException: Connection refused (Connection refused)
	at java.base/java.net.PlainSocketImpl.socketConnect(Native Method)
	at java.base/java.net.AbstractPlainSocketImpl.doConnect(AbstractPlainSocketImpl.java:399)
	at java.base/java.net.AbstractPlainSocketImpl.connectToAddress(AbstractPlainSocketImpl.java:242)
	at java.base/java.net.AbstractPlainSocketImpl.connect(AbstractPlainSocketImpl.java:224)
	at java.base/java.net.SocksSocketImpl.connect(SocksSocketImpl.java:403)
	at java.base/java.net.Socket.connect(Socket.java:591)
	at com.mongodb.internal.connection.SocketStreamHelper.initialize(SocketStreamHelper.java:64)
	at com.mongodb.internal.connection.SocketStream.open(SocketStream.java:62)
	... 3 common frames omitted

2019-07-08 09:11:19.511  INFO 12704 --- [main] o.s.c.n.eureka.InstanceInfoFactory       : Setting initial instance status as: STARTING
2019-07-08 09:11:19.546  INFO 12704 --- [main] com.netflix.discovery.DiscoveryClient    : Initializing Eureka in region us-east-1
2019-07-08 09:11:19.590  INFO 12704 --- [main] c.n.d.provider.DiscoveryJerseyProvider   : Using JSON encoding codec LegacyJacksonJson
2019-07-08 09:11:19.591  INFO 12704 --- [main] c.n.d.provider.DiscoveryJerseyProvider   : Using JSON decoding codec LegacyJacksonJson
2019-07-08 09:11:19.704  INFO 12704 --- [main] c.n.d.provider.DiscoveryJerseyProvider   : Using XML encoding codec XStreamXml
2019-07-08 09:11:19.704  INFO 12704 --- [main] c.n.d.provider.DiscoveryJerseyProvider   : Using XML decoding codec XStreamXml
2019-07-08 09:11:19.807  INFO 12704 --- [main] c.n.d.s.r.aws.ConfigClusterResolver      : Resolving eureka endpoints via configuration
2019-07-08 09:11:19.822  INFO 12704 --- [main] com.netflix.discovery.DiscoveryClient    : Disable delta property : false
2019-07-08 09:11:19.823  INFO 12704 --- [main] com.netflix.discovery.DiscoveryClient    : Single vip registry refresh property : null
2019-07-08 09:11:19.823  INFO 12704 --- [main] com.netflix.discovery.DiscoveryClient    : Force full registry fetch : false
2019-07-08 09:11:19.823  INFO 12704 --- [main] com.netflix.discovery.DiscoveryClient    : Application is null : false
2019-07-08 09:11:19.823  INFO 12704 --- [main] com.netflix.discovery.DiscoveryClient    : Registered Applications size is zero : true
2019-07-08 09:11:19.823  INFO 12704 --- [main] com.netflix.discovery.DiscoveryClient    : Application version is -1: true
2019-07-08 09:11:19.823  INFO 12704 --- [main] com.netflix.discovery.DiscoveryClient    : Getting all instance registry info from the eureka server
2019-07-08 09:11:19.960  INFO 12704 --- [main] com.netflix.discovery.DiscoveryClient    : The response status is 200
2019-07-08 09:11:19.962  INFO 12704 --- [main] com.netflix.discovery.DiscoveryClient    : Starting heartbeat executor: renew interval is: 30
2019-07-08 09:11:19.964  INFO 12704 --- [main] c.n.discovery.InstanceInfoReplicator     : InstanceInfoReplicator onDemand update allowed rate per min is 4
2019-07-08 09:11:19.967  INFO 12704 --- [main] com.netflix.discovery.DiscoveryClient    : Discovery Client initialized at timestamp 1562548279966 with initial instances count: 4
2019-07-08 09:11:19.969  INFO 12704 --- [main] o.s.c.n.e.s.EurekaServiceRegistry        : Registering application CJS-COMMODITY-SERVICE with eureka with status UP
2019-07-08 09:11:19.970  INFO 12704 --- [main] com.netflix.discovery.DiscoveryClient    : Saw local status change event StatusChangeEvent [timestamp=1562548279970, current=UP, previous=STARTING]
2019-07-08 09:11:19.972  INFO 12704 --- [DiscoveryClient-InstanceInfoReplicator-0] com.netflix.discovery.DiscoveryClient    : DiscoveryClient_CJS-COMMODITY-SERVICE/localhost:cjs-commodity-service:8081: registering service...
2019-07-08 09:11:19.998  INFO 12704 --- [DiscoveryClient-InstanceInfoReplicator-0] com.netflix.discovery.DiscoveryClient    : DiscoveryClient_CJS-COMMODITY-SERVICE/localhost:cjs-commodity-service:8081 - registration status: 204
2019-07-08 09:11:20.013  INFO 12704 --- [main] o.s.b.w.embedded.tomcat.TomcatWebServer  : Tomcat started on port(s): 8081 (http) with context path '/commodity'
2019-07-08 09:11:20.014  INFO 12704 --- [main] .s.c.n.e.s.EurekaAutoServiceRegistration : Updating port to 8081
2019-07-08 09:11:20.024  INFO 12704 --- [main] c.c.e.c.CjsCommodityServiceApplication   : Started CjsCommodityServiceApplication in 5.648 seconds (JVM running for 9.328)
2019-07-08 09:16:19.827  INFO 12704 --- [AsyncResolver-bootstrap-executor-0] c.n.d.s.r.aws.ConfigClusterResolver      : Resolving eureka endpoints via configuration
2019-07-08 09:21:19.832  INFO 12704 --- [AsyncResolver-bootstrap-executor-0] c.n.d.s.r.aws.ConfigClusterResolver      : Resolving eureka endpoints via configuration
2019-07-08 09:26:19.821  INFO 12704 --- [AsyncResolver-bootstrap-executor-0] c.n.d.s.r.aws.ConfigClusterResolver      : Resolving eureka endpoints via configuration
2019-07-08 09:31:19.824  INFO 12704 --- [AsyncResolver-bootstrap-executor-0] c.n.d.s.r.aws.ConfigClusterResolver      : Resolving eureka endpoints via configuration
