2019-07-08 09:09:11.471  INFO 12496 --- [main] c.c.e.price.CjsPriceServiceApplication   : No active profile set, falling back to default profiles: default
2019-07-08 09:09:11.913  WARN 12496 --- [main] o.s.boot.actuate.endpoint.EndpointId     : Endpoint ID 'service-registry' contains invalid characters, please migrate to a valid format.
2019-07-08 09:09:12.074  INFO 12496 --- [main] o.s.cloud.context.scope.GenericScope     : BeanFactory id=228a93d0-5593-30b1-bbcd-037f06e98799
2019-07-08 09:09:12.148  INFO 12496 --- [main] trationDelegate$BeanPostProcessorChecker : Bean 'org.springframework.cloud.autoconfigure.ConfigurationPropertiesRebinderAutoConfiguration' of type [org.springframework.cloud.autoconfigure.ConfigurationPropertiesRebinderAutoConfiguration$$EnhancerBySpringCGLIB$$d6de2912] is not eligible for getting processed by all BeanPostProcessors (for example: not eligible for auto-proxying)
2019-07-08 09:09:12.343  INFO 12496 --- [main] o.s.b.w.embedded.tomcat.TomcatWebServer  : Tomcat initialized with port(s): 8082 (http)
2019-07-08 09:09:12.365  INFO 12496 --- [main] o.apache.catalina.core.StandardService   : Starting service [Tomcat]
2019-07-08 09:09:12.366  INFO 12496 --- [main] org.apache.catalina.core.StandardEngine  : Starting Servlet engine: [Apache Tomcat/9.0.21]
2019-07-08 09:09:12.449  INFO 12496 --- [main] o.a.c.c.C.[Tomcat].[localhost].[/price]  : Initializing Spring embedded WebApplicationContext
2019-07-08 09:09:12.450  INFO 12496 --- [main] o.s.web.context.ContextLoader            : Root WebApplicationContext: initialization completed in 970 ms
2019-07-08 09:09:12.542  WARN 12496 --- [main] c.n.c.sources.URLConfigurationSource     : No URLs will be polled as dynamic configuration sources.
2019-07-08 09:09:12.542  INFO 12496 --- [main] c.n.c.sources.URLConfigurationSource     : To enable URLs as dynamic configuration sources, define System property archaius.configurationSource.additionalUrls or make config.properties available on classpath.
2019-07-08 09:09:12.553  INFO 12496 --- [main] c.netflix.config.DynamicPropertyFactory  : DynamicPropertyFactory is initialized with configuration sources: com.netflix.config.ConcurrentCompositeConfiguration@55658e7c
2019-07-08 09:09:12.882  WARN 12496 --- [main] c.n.c.sources.URLConfigurationSource     : No URLs will be polled as dynamic configuration sources.
2019-07-08 09:09:12.882  INFO 12496 --- [main] c.n.c.sources.URLConfigurationSource     : To enable URLs as dynamic configuration sources, define System property archaius.configurationSource.additionalUrls or make config.properties available on classpath.
2019-07-08 09:09:13.017  INFO 12496 --- [main] o.s.s.concurrent.ThreadPoolTaskExecutor  : Initializing ExecutorService 'applicationTaskExecutor'
2019-07-08 09:09:13.326  INFO 12496 --- [main] o.s.b.a.e.web.EndpointLinksResolver      : Exposing 2 endpoint(s) beneath base path '/actuator'
2019-07-08 09:09:13.388  INFO 12496 --- [main] o.s.c.n.eureka.InstanceInfoFactory       : Setting initial instance status as: STARTING
2019-07-08 09:09:13.419  INFO 12496 --- [main] com.netflix.discovery.DiscoveryClient    : Initializing Eureka in region us-east-1
2019-07-08 09:09:13.561  INFO 12496 --- [main] c.n.d.provider.DiscoveryJerseyProvider   : Using JSON encoding codec LegacyJacksonJson
2019-07-08 09:09:13.562  INFO 12496 --- [main] c.n.d.provider.DiscoveryJerseyProvider   : Using JSON decoding codec LegacyJacksonJson
2019-07-08 09:09:13.674  INFO 12496 --- [main] c.n.d.provider.DiscoveryJerseyProvider   : Using XML encoding codec XStreamXml
2019-07-08 09:09:13.674  INFO 12496 --- [main] c.n.d.provider.DiscoveryJerseyProvider   : Using XML decoding codec XStreamXml
2019-07-08 09:09:13.779  INFO 12496 --- [main] c.n.d.s.r.aws.ConfigClusterResolver      : Resolving eureka endpoints via configuration
2019-07-08 09:09:13.796  INFO 12496 --- [main] com.netflix.discovery.DiscoveryClient    : Disable delta property : false
2019-07-08 09:09:13.796  INFO 12496 --- [main] com.netflix.discovery.DiscoveryClient    : Single vip registry refresh property : null
2019-07-08 09:09:13.796  INFO 12496 --- [main] com.netflix.discovery.DiscoveryClient    : Force full registry fetch : false
2019-07-08 09:09:13.796  INFO 12496 --- [main] com.netflix.discovery.DiscoveryClient    : Application is null : false
2019-07-08 09:09:13.796  INFO 12496 --- [main] com.netflix.discovery.DiscoveryClient    : Registered Applications size is zero : true
2019-07-08 09:09:13.796  INFO 12496 --- [main] com.netflix.discovery.DiscoveryClient    : Application version is -1: true
2019-07-08 09:09:13.796  INFO 12496 --- [main] com.netflix.discovery.DiscoveryClient    : Getting all instance registry info from the eureka server
2019-07-08 09:09:13.972  INFO 12496 --- [main] com.netflix.discovery.DiscoveryClient    : The response status is 200
2019-07-08 09:09:13.975  INFO 12496 --- [main] com.netflix.discovery.DiscoveryClient    : Starting heartbeat executor: renew interval is: 30
2019-07-08 09:09:13.980  INFO 12496 --- [main] c.n.discovery.InstanceInfoReplicator     : InstanceInfoReplicator onDemand update allowed rate per min is 4
2019-07-08 09:09:13.984  INFO 12496 --- [main] com.netflix.discovery.DiscoveryClient    : Discovery Client initialized at timestamp 1562548153983 with initial instances count: 3
2019-07-08 09:09:13.986  INFO 12496 --- [main] o.s.c.n.e.s.EurekaServiceRegistry        : Registering application CJS-PRICE-SERVICE with eureka with status UP
2019-07-08 09:09:13.987  INFO 12496 --- [main] com.netflix.discovery.DiscoveryClient    : Saw local status change event StatusChangeEvent [timestamp=1562548153987, current=UP, previous=STARTING]
2019-07-08 09:09:13.988  WARN 12496 --- [main] c.n.discovery.InstanceInfoReplicator     : Ignoring onDemand update due to rate limiter
2019-07-08 09:09:13.997  INFO 12496 --- [DiscoveryClient-InstanceInfoReplicator-0] com.netflix.discovery.DiscoveryClient    : DiscoveryClient_CJS-PRICE-SERVICE/10.5.0.2:cjs-price-service:8082: registering service...
2019-07-08 09:09:14.023  INFO 12496 --- [DiscoveryClient-InstanceInfoReplicator-0] com.netflix.discovery.DiscoveryClient    : DiscoveryClient_CJS-PRICE-SERVICE/10.5.0.2:cjs-price-service:8082 - registration status: 204
2019-07-08 09:09:14.051  INFO 12496 --- [main] o.s.b.w.embedded.tomcat.TomcatWebServer  : Tomcat started on port(s): 8082 (http) with context path '/price'
2019-07-08 09:09:14.052  INFO 12496 --- [main] .s.c.n.e.s.EurekaAutoServiceRegistration : Updating port to 8082
2019-07-08 09:09:14.055  INFO 12496 --- [main] c.c.e.price.CjsPriceServiceApplication   : Started CjsPriceServiceApplication in 3.491 seconds (JVM running for 6.738)
2019-07-08 09:14:13.796  INFO 12496 --- [AsyncResolver-bootstrap-executor-0] c.n.d.s.r.aws.ConfigClusterResolver      : Resolving eureka endpoints via configuration
2019-07-08 09:19:13.801  INFO 12496 --- [AsyncResolver-bootstrap-executor-0] c.n.d.s.r.aws.ConfigClusterResolver      : Resolving eureka endpoints via configuration
2019-07-08 09:24:13.795  INFO 12496 --- [AsyncResolver-bootstrap-executor-0] c.n.d.s.r.aws.ConfigClusterResolver      : Resolving eureka endpoints via configuration
2019-07-08 09:29:13.794  INFO 12496 --- [AsyncResolver-bootstrap-executor-0] c.n.d.s.r.aws.ConfigClusterResolver      : Resolving eureka endpoints via configuration
2019-07-08 09:34:13.795  INFO 12496 --- [AsyncResolver-bootstrap-executor-0] c.n.d.s.r.aws.ConfigClusterResolver      : Resolving eureka endpoints via configuration
